Mplus VERSION 8.8
MUTHEN & MUTHEN
10/31/2023   8:20 AM

INPUT INSTRUCTIONS

  MONTECARLO:
    NAMES ARE Y Z X1 X2 V1-V10;
    GENERATE = V1-V10 (1);
    CATEGORICAL = V1-V10;
    CUTPOINTS = Z (1);

    NOBSERVATIONS = 500;
    NREPS = 200;
    !REPSAVE = ALL;
    !SAVE = test_mixture.csv;

  MODEL POPULATION:

    ! Covaraites
    [x1@1]; x1@1;
    [x2@1]; x2@1;

    ! Treatment assignment: 50 / 50
    ! For now, control group has complete data as well
    [Z@0]; Z@1;

    !Measurement model
    F1 by v1-v10@1;
    ![F1@0];
    F1@1;

    [v1$1-v10$1@0];

    F1Z | F1 XWITH Z;

    !Structural model
    Y on Z@0.3 X1@0.5 X2@-0.5 F1@0.2 F1Z@0.2;

    F1 on X1@-0.5 X2@0.5;

    Y@1;

  ANALYSIS:
    TYPE = random;
    ALGORITHM=INTEGRATION

  Model:
   ! Covaraites
    ! Treatment assignment: 50 / 50
    ! For now, control group has complete data as well
    ![Z@0]; Z@1;

    !Measurement model
    F1 by v1@1 v2-v10*1;

    ![F1@0];
    F1*1;

    [v1$1-v10$1*0];

    F1Z | F1 XWITH Z;

    !Structural model
    Y on Z*0.3 X1*0.5 X2*-0.5 F1*0.2 F1Z*0.2;

    F1 on X1*-0.5 X2*0.5;

    Y@1;





INPUT READING TERMINATED NORMALLY




SUMMARY OF ANALYSIS

Number of groups                                                 1
Number of observations                                         500

Number of replications
    Requested                                                  200
    Completed                                                  200
Value of seed                                                    0

Number of dependent variables                                   11
Number of independent variables                                  3
Number of continuous latent variables                            2

Observed dependent variables

  Continuous
   Y

  Binary and ordered categorical (ordinal)
   V1          V2          V3          V4          V5          V6
   V7          V8          V9          V10

Observed independent variables
   Z           X1          X2

Continuous latent variables
   F1          F1Z


Estimator                                                      MLR
Information matrix                                        OBSERVED
Optimization Specifications for the Quasi-Newton Algorithm for
Continuous Outcomes
  Maximum number of iterations                                 100
  Convergence criterion                                  0.100D-05
Optimization Specifications for the EM Algorithm
  Maximum number of iterations                                 500
  Convergence criteria
    Loglikelihood change                                 0.100D-02
    Relative loglikelihood change                        0.100D-05
    Derivative                                           0.100D-02
Optimization Specifications for the M step of the EM Algorithm for
Categorical Latent variables
  Number of M step iterations                                    1
  M step convergence criterion                           0.100D-02
  Basis for M step termination                           ITERATION
Optimization Specifications for the M step of the EM Algorithm for
Censored, Binary or Ordered Categorical (Ordinal), Unordered
Categorical (Nominal) and Count Outcomes
  Number of M step iterations                                    1
  M step convergence criterion                           0.100D-02
  Basis for M step termination                           ITERATION
  Maximum value for logit thresholds                            15
  Minimum value for logit thresholds                           -15
  Minimum expected cell size for chi-square              0.100D-01
Optimization algorithm                                         EMA
Integration Specifications
  Type                                                    STANDARD
  Number of integration points                                  15
  Dimensions of numerical integration                            1
  Adaptive quadrature                                           ON
Link                                                         LOGIT
Cholesky                                                       OFF


SAMPLE STATISTICS FOR THE FIRST REPLICATION


     SAMPLE STATISTICS


           Means
              Y             Z             X1            X2
              ________      ________      ________      ________
               -0.043         0.150         1.038         1.081


           Covariances
              Y             Z             X1            X2
              ________      ________      ________      ________
 Y              1.427
 Z              0.045         0.128
 X1             0.422        -0.013         1.023
 X2            -0.417        -0.013         0.001         1.151


           Correlations
              Y             Z             X1            X2
              ________      ________      ________      ________
 Y              1.000
 Z              0.106         1.000
 X1             0.350        -0.037         1.000
 X2            -0.326        -0.034         0.001         1.000




MODEL FIT INFORMATION

Number of Free Parameters                       28

Loglikelihood

    H0 Value

        Mean                             -3803.246
        Std Dev                             40.584
        Number of successful computations      200

             Proportions                   Percentiles
        Expected    Observed         Expected       Observed
           0.990       1.000        -3897.656      -3893.886
           0.980       0.990        -3886.593      -3880.884
           0.950       0.950        -3870.002      -3870.090
           0.900       0.920        -3855.258      -3852.826
           0.800       0.775        -3837.401      -3841.959
           0.700       0.685        -3824.528      -3825.686
           0.500       0.490        -3803.246      -3804.104
           0.300       0.260        -3781.963      -3785.990
           0.200       0.200        -3769.090      -3769.627
           0.100       0.130        -3751.233      -3747.693
           0.050       0.055        -3736.489      -3735.602
           0.020       0.025        -3719.898      -3718.859
           0.010       0.010        -3708.835      -3716.971

Information Criteria

    Akaike (AIC)

        Mean                              7662.491
        Std Dev                             81.168
        Number of successful computations      200

             Proportions                   Percentiles
        Expected    Observed         Expected       Observed
           0.990       0.990         7473.670       7435.080
           0.980       0.975         7495.797       7491.931
           0.950       0.945         7528.978       7527.080
           0.900       0.870         7558.466       7546.918
           0.800       0.800         7594.180       7587.205
           0.700       0.740         7619.927       7627.887
           0.500       0.510         7662.491       7663.593
           0.300       0.315         7705.055       7706.671
           0.200       0.225         7730.802       7736.545
           0.100       0.080         7766.516       7760.513
           0.050       0.050         7796.004       7787.529
           0.020       0.010         7829.185       7817.080
           0.010       0.000         7851.312       7827.242

    Bayesian (BIC)

        Mean                              7780.500
        Std Dev                             81.168
        Number of successful computations      200

             Proportions                   Percentiles
        Expected    Observed         Expected       Observed
           0.990       0.990         7591.679       7553.089
           0.980       0.975         7613.806       7609.940
           0.950       0.945         7646.987       7645.089
           0.900       0.870         7676.475       7664.927
           0.800       0.800         7712.189       7705.214
           0.700       0.740         7737.936       7745.896
           0.500       0.510         7780.500       7781.602
           0.300       0.315         7823.064       7824.680
           0.200       0.225         7848.811       7854.554
           0.100       0.080         7884.525       7878.522
           0.050       0.050         7914.013       7905.538
           0.020       0.010         7947.194       7935.089
           0.010       0.000         7969.321       7945.251

    Sample-Size Adjusted BIC (n* = (n + 2) / 24)

        Mean                              7691.626
        Std Dev                             81.168
        Number of successful computations      200

             Proportions                   Percentiles
        Expected    Observed         Expected       Observed
           0.990       0.990         7502.806       7464.215
           0.980       0.975         7524.932       7521.066
           0.950       0.945         7558.113       7556.215
           0.900       0.870         7587.602       7576.053
           0.800       0.800         7623.315       7616.340
           0.700       0.740         7649.062       7657.023
           0.500       0.510         7691.626       7692.729
           0.300       0.315         7734.191       7735.807
           0.200       0.225         7759.937       7765.681
           0.100       0.080         7795.651       7789.649
           0.050       0.050         7825.139       7816.665
           0.020       0.010         7858.321       7846.215
           0.010       0.000         7880.447       7856.378



MODEL RESULTS

                              ESTIMATES              S. E.     M. S. E.  95%  % Sig
                 Population   Average   Std. Dev.   Average             Cover Coeff

 F1       BY
  V1                  1.000     1.0000     0.0000     0.0000     0.0000 1.000 0.000
  V2                  1.000     1.0187     0.1879     0.1940     0.0355 0.945 1.000
  V3                  1.000     1.0174     0.1865     0.1934     0.0349 0.970 1.000
  V4                  1.000     1.0360     0.1946     0.1969     0.0390 0.945 1.000
  V5                  1.000     1.0057     0.1945     0.1922     0.0377 0.940 1.000
  V6                  1.000     1.0189     0.1942     0.1928     0.0379 0.950 1.000
  V7                  1.000     1.0021     0.1792     0.1913     0.0319 0.940 1.000
  V8                  1.000     1.0134     0.1914     0.1926     0.0366 0.945 1.000
  V9                  1.000     1.0192     0.1906     0.1939     0.0365 0.955 1.000
  V10                 1.000     1.0168     0.1977     0.1926     0.0392 0.960 1.000

 F1         ON
  X1                 -0.500    -0.4971     0.0884     0.0855     0.0078 0.920 1.000
  X2                  0.500     0.4992     0.0838     0.0857     0.0070 0.960 1.000

 Y          ON
  F1                  0.200     0.1983     0.0661     0.0652     0.0044 0.940 0.910
  F1Z                 0.200     0.1955     0.1263     0.1207     0.0159 0.925 0.340

 Y          ON
  Z                   0.300     0.3069     0.1295     0.1272     0.0167 0.955 0.640
  X1                  0.500     0.4984     0.0502     0.0528     0.0025 0.975 1.000
  X2                 -0.500    -0.4958     0.0532     0.0529     0.0028 0.955 1.000

 Intercepts
  Y                   0.000    -0.0092     0.0794     0.0812     0.0064 0.955 0.045

 Thresholds
  V1$1                0.000     0.0043     0.1474     0.1387     0.0217 0.935 0.065
  V2$1                0.000     0.0024     0.1299     0.1383     0.0168 0.960 0.040
  V3$1                0.000     0.0095     0.1335     0.1384     0.0178 0.955 0.045
  V4$1                0.000     0.0055     0.1431     0.1399     0.0204 0.945 0.055
  V5$1                0.000     0.0054     0.1248     0.1376     0.0155 0.980 0.020
  V6$1                0.000     0.0006     0.1490     0.1388     0.0221 0.940 0.060
  V7$1                0.000     0.0057     0.1331     0.1374     0.0177 0.960 0.040
  V8$1                0.000     0.0060     0.1460     0.1383     0.0212 0.930 0.070
  V9$1                0.000     0.0030     0.1410     0.1388     0.0198 0.965 0.035
  V10$1               0.000    -0.0025     0.1416     0.1388     0.0200 0.960 0.040

 Residual Variances
  Y                   1.000     1.0000     0.0000     0.0000     0.0000 1.000 0.000
  F1                  1.000     1.0352     0.2896     0.2858     0.0847 0.945 1.000


QUALITY OF NUMERICAL RESULTS

     Average Condition Number for the Information Matrix      0.962E-03
       (ratio of smallest to largest eigenvalue)


TECHNICAL 1 OUTPUT


     PARAMETER SPECIFICATION


           TAU
              V1$1          V2$1          V3$1          V4$1          V5$1
              ________      ________      ________      ________      ________
                   19            20            21            22            23


           TAU
              V6$1          V7$1          V8$1          V9$1          V10$1
              ________      ________      ________      ________      ________
                   24            25            26            27            28


           NU
              V1            V2            V3            V4            V5
              ________      ________      ________      ________      ________
                    0             0             0             0             0


           NU
              V6            V7            V8            V9            V10
              ________      ________      ________      ________      ________
                    0             0             0             0             0


           NU
              Y             Z             X1            X2
              ________      ________      ________      ________
                    0             0             0             0


           LAMBDA
              F1            F1Z           Y             Z             X1
              ________      ________      ________      ________      ________
 V1                 0             0             0             0             0
 V2                 1             0             0             0             0
 V3                 2             0             0             0             0
 V4                 3             0             0             0             0
 V5                 4             0             0             0             0
 V6                 5             0             0             0             0
 V7                 6             0             0             0             0
 V8                 7             0             0             0             0
 V9                 8             0             0             0             0
 V10                9             0             0             0             0
 Y                  0             0             0             0             0
 Z                  0             0             0             0             0
 X1                 0             0             0             0             0
 X2                 0             0             0             0             0


           LAMBDA
              X2
              ________
 V1                 0
 V2                 0
 V3                 0
 V4                 0
 V5                 0
 V6                 0
 V7                 0
 V8                 0
 V9                 0
 V10                0
 Y                  0
 Z                  0
 X1                 0
 X2                 0


           THETA
              V1            V2            V3            V4            V5
              ________      ________      ________      ________      ________
 V1                 0
 V2                 0             0
 V3                 0             0             0
 V4                 0             0             0             0
 V5                 0             0             0             0             0
 V6                 0             0             0             0             0
 V7                 0             0             0             0             0
 V8                 0             0             0             0             0
 V9                 0             0             0             0             0
 V10                0             0             0             0             0
 Y                  0             0             0             0             0
 Z                  0             0             0             0             0
 X1                 0             0             0             0             0
 X2                 0             0             0             0             0


           THETA
              V6            V7            V8            V9            V10
              ________      ________      ________      ________      ________
 V6                 0
 V7                 0             0
 V8                 0             0             0
 V9                 0             0             0             0
 V10                0             0             0             0             0
 Y                  0             0             0             0             0
 Z                  0             0             0             0             0
 X1                 0             0             0             0             0
 X2                 0             0             0             0             0


           THETA
              Y             Z             X1            X2
              ________      ________      ________      ________
 Y                  0
 Z                  0             0
 X1                 0             0             0
 X2                 0             0             0             0


           ALPHA
              F1            F1Z           Y             Z             X1
              ________      ________      ________      ________      ________
                    0             0            10             0             0


           ALPHA
              X2
              ________
                    0


           BETA
              F1            F1Z           Y             Z             X1
              ________      ________      ________      ________      ________
 F1                 0             0             0             0            11
 F1Z                0             0             0             0             0
 Y                 13            14             0            15            16
 Z                  0             0             0             0             0
 X1                 0             0             0             0             0
 X2                 0             0             0             0             0


           BETA
              X2
              ________
 F1                12
 F1Z                0
 Y                 17
 Z                  0
 X1                 0
 X2                 0


           PSI
              F1            F1Z           Y             Z             X1
              ________      ________      ________      ________      ________
 F1                18
 F1Z                0             0
 Y                  0             0             0
 Z                  0             0             0             0
 X1                 0             0             0             0             0
 X2                 0             0             0             0             0


           PSI
              X2
              ________
 X2                 0


     STARTING VALUES


           TAU
              V1$1          V2$1          V3$1          V4$1          V5$1
              ________      ________      ________      ________      ________
                0.000         0.000         0.000         0.000         0.000


           TAU
              V6$1          V7$1          V8$1          V9$1          V10$1
              ________      ________      ________      ________      ________
                0.000         0.000         0.000         0.000         0.000


           NU
              V1            V2            V3            V4            V5
              ________      ________      ________      ________      ________
                0.000         0.000         0.000         0.000         0.000


           NU
              V6            V7            V8            V9            V10
              ________      ________      ________      ________      ________
                0.000         0.000         0.000         0.000         0.000


           NU
              Y             Z             X1            X2
              ________      ________      ________      ________
                0.000         0.000         0.000         0.000


           LAMBDA
              F1            F1Z           Y             Z             X1
              ________      ________      ________      ________      ________
 V1             1.000         0.000         0.000         0.000         0.000
 V2             1.000         0.000         0.000         0.000         0.000
 V3             1.000         0.000         0.000         0.000         0.000
 V4             1.000         0.000         0.000         0.000         0.000
 V5             1.000         0.000         0.000         0.000         0.000
 V6             1.000         0.000         0.000         0.000         0.000
 V7             1.000         0.000         0.000         0.000         0.000
 V8             1.000         0.000         0.000         0.000         0.000
 V9             1.000         0.000         0.000         0.000         0.000
 V10            1.000         0.000         0.000         0.000         0.000
 Y              0.000         0.000         1.000         0.000         0.000
 Z              0.000         0.000         0.000         1.000         0.000
 X1             0.000         0.000         0.000         0.000         1.000
 X2             0.000         0.000         0.000         0.000         0.000


           LAMBDA
              X2
              ________
 V1             0.000
 V2             0.000
 V3             0.000
 V4             0.000
 V5             0.000
 V6             0.000
 V7             0.000
 V8             0.000
 V9             0.000
 V10            0.000
 Y              0.000
 Z              0.000
 X1             0.000
 X2             1.000


           THETA
              V1            V2            V3            V4            V5
              ________      ________      ________      ________      ________
 V1             1.000
 V2             0.000         1.000
 V3             0.000         0.000         1.000
 V4             0.000         0.000         0.000         1.000
 V5             0.000         0.000         0.000         0.000         1.000
 V6             0.000         0.000         0.000         0.000         0.000
 V7             0.000         0.000         0.000         0.000         0.000
 V8             0.000         0.000         0.000         0.000         0.000
 V9             0.000         0.000         0.000         0.000         0.000
 V10            0.000         0.000         0.000         0.000         0.000
 Y              0.000         0.000         0.000         0.000         0.000
 Z              0.000         0.000         0.000         0.000         0.000
 X1             0.000         0.000         0.000         0.000         0.000
 X2             0.000         0.000         0.000         0.000         0.000


           THETA
              V6            V7            V8            V9            V10
              ________      ________      ________      ________      ________
 V6             1.000
 V7             0.000         1.000
 V8             0.000         0.000         1.000
 V9             0.000         0.000         0.000         1.000
 V10            0.000         0.000         0.000         0.000         1.000
 Y              0.000         0.000         0.000         0.000         0.000
 Z              0.000         0.000         0.000         0.000         0.000
 X1             0.000         0.000         0.000         0.000         0.000
 X2             0.000         0.000         0.000         0.000         0.000


           THETA
              Y             Z             X1            X2
              ________      ________      ________      ________
 Y              0.000
 Z              0.000         0.000
 X1             0.000         0.000         0.000
 X2             0.000         0.000         0.000         0.000


           ALPHA
              F1            F1Z           Y             Z             X1
              ________      ________      ________      ________      ________
                0.000         0.000         0.000         0.000         0.000


           ALPHA
              X2
              ________
                0.000


           BETA
              F1            F1Z           Y             Z             X1
              ________      ________      ________      ________      ________
 F1             0.000         0.000         0.000         0.000        -0.500
 F1Z            0.000         0.000         0.000         0.000         0.000
 Y              0.200         0.200         0.000         0.300         0.500
 Z              0.000         0.000         0.000         0.000         0.000
 X1             0.000         0.000         0.000         0.000         0.000
 X2             0.000         0.000         0.000         0.000         0.000


           BETA
              X2
              ________
 F1             0.500
 F1Z            0.000
 Y             -0.500
 Z              0.000
 X1             0.000
 X2             0.000


           PSI
              F1            F1Z           Y             Z             X1
              ________      ________      ________      ________      ________
 F1             1.000
 F1Z            0.000         0.000
 Y              0.000         0.000         1.000
 Z              0.000         0.000         0.000         0.500
 X1             0.000         0.000         0.000         0.000         0.500
 X2             0.000         0.000         0.000         0.000         0.000


           PSI
              X2
              ________
 X2             0.500


     POPULATION VALUES


           TAU
              V1$1          V2$1          V3$1          V4$1          V5$1
              ________      ________      ________      ________      ________
                0.000         0.000         0.000         0.000         0.000


           TAU
              V6$1          V7$1          V8$1          V9$1          V10$1
              ________      ________      ________      ________      ________
                0.000         0.000         0.000         0.000         0.000


           NU
              V1            V2            V3            V4            V5
              ________      ________      ________      ________      ________
                0.000         0.000         0.000         0.000         0.000


           NU
              V6            V7            V8            V9            V10
              ________      ________      ________      ________      ________
                0.000         0.000         0.000         0.000         0.000


           NU
              Y             Z             X1            X2
              ________      ________      ________      ________
                0.000         0.000         0.000         0.000


           LAMBDA
              F1            F1Z           Y             Z             X1
              ________      ________      ________      ________      ________
 V1             1.000         0.000         0.000         0.000         0.000
 V2             1.000         0.000         0.000         0.000         0.000
 V3             1.000         0.000         0.000         0.000         0.000
 V4             1.000         0.000         0.000         0.000         0.000
 V5             1.000         0.000         0.000         0.000         0.000
 V6             1.000         0.000         0.000         0.000         0.000
 V7             1.000         0.000         0.000         0.000         0.000
 V8             1.000         0.000         0.000         0.000         0.000
 V9             1.000         0.000         0.000         0.000         0.000
 V10            1.000         0.000         0.000         0.000         0.000
 Y              0.000         0.000         1.000         0.000         0.000
 Z              0.000         0.000         0.000         1.000         0.000
 X1             0.000         0.000         0.000         0.000         1.000
 X2             0.000         0.000         0.000         0.000         0.000


           LAMBDA
              X2
              ________
 V1             0.000
 V2             0.000
 V3             0.000
 V4             0.000
 V5             0.000
 V6             0.000
 V7             0.000
 V8             0.000
 V9             0.000
 V10            0.000
 Y              0.000
 Z              0.000
 X1             0.000
 X2             1.000


           THETA
              V1            V2            V3            V4            V5
              ________      ________      ________      ________      ________
 V1             0.000
 V2             0.000         0.000
 V3             0.000         0.000         0.000
 V4             0.000         0.000         0.000         0.000
 V5             0.000         0.000         0.000         0.000         0.000
 V6             0.000         0.000         0.000         0.000         0.000
 V7             0.000         0.000         0.000         0.000         0.000
 V8             0.000         0.000         0.000         0.000         0.000
 V9             0.000         0.000         0.000         0.000         0.000
 V10            0.000         0.000         0.000         0.000         0.000
 Y              0.000         0.000         0.000         0.000         0.000
 Z              0.000         0.000         0.000         0.000         0.000
 X1             0.000         0.000         0.000         0.000         0.000
 X2             0.000         0.000         0.000         0.000         0.000


           THETA
              V6            V7            V8            V9            V10
              ________      ________      ________      ________      ________
 V6             0.000
 V7             0.000         0.000
 V8             0.000         0.000         0.000
 V9             0.000         0.000         0.000         0.000
 V10            0.000         0.000         0.000         0.000         0.000
 Y              0.000         0.000         0.000         0.000         0.000
 Z              0.000         0.000         0.000         0.000         0.000
 X1             0.000         0.000         0.000         0.000         0.000
 X2             0.000         0.000         0.000         0.000         0.000


           THETA
              Y             Z             X1            X2
              ________      ________      ________      ________
 Y              0.000
 Z              0.000         0.000
 X1             0.000         0.000         0.000
 X2             0.000         0.000         0.000         0.000


           ALPHA
              F1            F1Z           Y             Z             X1
              ________      ________      ________      ________      ________
                0.000         0.000         0.000         0.000         1.000


           ALPHA
              X2
              ________
                1.000


           BETA
              F1            F1Z           Y             Z             X1
              ________      ________      ________      ________      ________
 F1             0.000         0.000         0.000         0.000        -0.500
 F1Z            0.000         0.000         0.000         0.000         0.000
 Y              0.200         0.200         0.000         0.300         0.500
 Z              0.000         0.000         0.000         0.000         0.000
 X1             0.000         0.000         0.000         0.000         0.000
 X2             0.000         0.000         0.000         0.000         0.000


           BETA
              X2
              ________
 F1             0.500
 F1Z            0.000
 Y             -0.500
 Z              0.000
 X1             0.000
 X2             0.000


           PSI
              F1            F1Z           Y             Z             X1
              ________      ________      ________      ________      ________
 F1             1.000
 F1Z            0.000         0.000
 Y              0.000         0.000         1.000
 Z              0.000         0.000         0.000         1.000
 X1             0.000         0.000         0.000         0.000         1.000
 X2             0.000         0.000         0.000         0.000         0.000


           PSI
              X2
              ________
 X2             1.000


DIAGRAM INFORMATION

  Mplus diagrams are currently not available for Monte Carlo analysis.
  No diagram output was produced.


     Beginning Time:  08:20:06
        Ending Time:  08:21:13
       Elapsed Time:  00:01:07



MUTHEN & MUTHEN
3463 Stoner Ave.
Los Angeles, CA  90066

Tel: (310) 391-9971
Fax: (310) 391-8971
Web: www.StatModel.com
Support: Support@StatModel.com

Copyright (c) 1998-2022 Muthen & Muthen
