Mplus VERSION 8.8
MUTHEN & MUTHEN
09/27/2023  10:49 AM

INPUT INSTRUCTIONS

    DATA: file is test_dt.csv;
    VARIABLE: names are v1-v3 z x y;

    ANALYSIS:
     type = random;
      ALGORITHM=INTEGRATION;
    model:

    F1 by v1@1 v2-v3; !(Lambda.x2-3)
    [v1@0];
    [v2-v3];     !(nu.x)
    [F1];        !(tau)
    F1*;         !(Phi1)
    F1 with z;   !(Phi2)
    F1 with x;   !(Phi3)

    F1z | F1 XWITH z;

    y on F1 z x; !(gamma1-3)
    y on F1z ;   !(Omega)
    [y];         !(alpha)
    y  ;         !(Psi)

  output: tech1 tech2 tech3 tech4;



INPUT READING TERMINATED NORMALLY




SUMMARY OF ANALYSIS

Number of groups                                                 1
Number of observations                                        1069

Number of dependent variables                                    4
Number of independent variables                                  2
Number of continuous latent variables                            2

Observed dependent variables

  Continuous
   V1          V2          V3          Y

Observed independent variables
   Z           X

Continuous latent variables
   F1          F1Z


Estimator                                                      MLR
Information matrix                                        OBSERVED
Optimization Specifications for the Quasi-Newton Algorithm for
Continuous Outcomes
  Maximum number of iterations                                 100
  Convergence criterion                                  0.100D-05
Optimization Specifications for the EM Algorithm
  Maximum number of iterations                                 500
  Convergence criteria
    Loglikelihood change                                 0.100D-02
    Relative loglikelihood change                        0.100D-05
    Derivative                                           0.100D-02
Optimization Specifications for the M step of the EM Algorithm for
Categorical Latent variables
  Number of M step iterations                                    1
  M step convergence criterion                           0.100D-02
  Basis for M step termination                           ITERATION
Optimization Specifications for the M step of the EM Algorithm for
Censored, Binary or Ordered Categorical (Ordinal), Unordered
Categorical (Nominal) and Count Outcomes
  Number of M step iterations                                    1
  M step convergence criterion                           0.100D-02
  Basis for M step termination                           ITERATION
  Maximum value for logit thresholds                            15
  Minimum value for logit thresholds                           -15
  Minimum expected cell size for chi-square              0.100D-01
Optimization algorithm                                         EMA
Integration Specifications
  Type                                                    STANDARD
  Number of integration points                                  15
  Dimensions of numerical integration                            1
  Adaptive quadrature                                           ON
Cholesky                                                       OFF

Input data file(s)
  test_dt.csv
Input data format  FREE



UNIVARIATE SAMPLE STATISTICS


     UNIVARIATE HIGHER-ORDER MOMENT DESCRIPTIVE STATISTICS

         Variable/         Mean/     Skewness/   Minimum/ % with                Percentiles
        Sample Size      Variance    Kurtosis    Maximum  Min/Max      20%/60%    40%/80%    Median

     V1                    2.698      -0.282       1.000    2.25%       2.000      2.500      2.750
            1069.000       0.576      -0.703       4.000    4.02%       3.000      3.500
     V2                    2.507      -0.072       1.000    6.17%       1.750      2.250      2.500
            1069.000       0.654      -0.797       4.000    4.58%       2.750      3.250
     V3                    2.373       0.060       1.000    4.49%       1.667      2.000      2.333
            1069.000       0.533      -0.666       4.000    2.53%       2.667      3.000
     Y                     0.913      -1.127       0.000    0.47%       0.667      0.889      1.000
            1069.000       0.073       0.884       1.222   14.69%       1.000      1.111
     Z                     3.367      -0.006       1.000    0.19%       2.667      3.333      3.333
            1069.000       0.468      -0.129       5.000    1.96%       3.667      4.000
     X                     2.705       0.721       1.000    1.40%       2.000      2.500      2.500
            1069.000       0.677       0.242       5.000    2.53%       3.000      3.500


THE MODEL ESTIMATION TERMINATED NORMALLY



MODEL FIT INFORMATION

Number of Free Parameters                       22

Loglikelihood

          H0 Value                       -4631.585
          H0 Scaling Correction Factor      1.0422
            for MLR

Information Criteria

          Akaike (AIC)                    9307.170
          Bayesian (BIC)                  9416.608
          Sample-Size Adjusted BIC        9346.732
            (n* = (n + 2) / 24)



MODEL RESULTS

                                                    Two-Tailed
                    Estimate       S.E.  Est./S.E.    P-Value

 F1       BY
    V1                 1.000      0.000    999.000    999.000
    V2                 1.043      0.023     44.576      0.000
    V3                 0.909      0.022     42.185      0.000

 Y          ON
    F1                 0.240      0.056      4.320      0.000
    F1Z               -0.027      0.016     -1.657      0.097

 Y          ON
    Z                  0.113      0.048      2.341      0.019
    X                 -0.002      0.011     -0.144      0.885

 F1       WITH
    Z                  0.084      0.015      5.566      0.000
    X                  0.108      0.018      6.025      0.000

 X        WITH
    Z                  0.334      0.020     16.343      0.000

 Means
    Z                  3.367      0.021    160.912      0.000
    X                  2.705      0.025    107.542      0.000
    F1                 2.698      0.023    116.221      0.000

 Intercepts
    V1                 0.000      0.000    999.000    999.000
    V2                -0.308      0.068     -4.517      0.000
    V3                -0.080      0.061     -1.299      0.194
    Y                  0.137      0.161      0.855      0.393

 Variances
    Z                  0.468      0.020     23.902      0.000
    X                  0.677      0.031     21.835      0.000
    F1                 0.488      0.021     22.933      0.000

 Residual Variances
    V1                 0.088      0.008     10.891      0.000
    V2                 0.123      0.009     13.052      0.000
    V3                 0.129      0.008     15.660      0.000
    Y                  0.060      0.003     18.022      0.000


QUALITY OF NUMERICAL RESULTS

     Condition Number for the Information Matrix              0.949E-05
       (ratio of smallest to largest eigenvalue)


TECHNICAL 1 OUTPUT


     PARAMETER SPECIFICATION


           NU
              V1            V2            V3            Y             Z
              ________      ________      ________      ________      ________
                    0             1             2             0             0


           NU
              X
              ________
                    0


           LAMBDA
              F1            F1Z           Y             Z             X
              ________      ________      ________      ________      ________
 V1                 0             0             0             0             0
 V2                 3             0             0             0             0
 V3                 4             0             0             0             0
 Y                  0             0             0             0             0
 Z                  0             0             0             0             0
 X                  0             0             0             0             0


           THETA
              V1            V2            V3            Y             Z
              ________      ________      ________      ________      ________
 V1                 5
 V2                 0             6
 V3                 0             0             7
 Y                  0             0             0             0
 Z                  0             0             0             0             0
 X                  0             0             0             0             0


           THETA
              X
              ________
 X                  0


           ALPHA
              F1            F1Z           Y             Z             X
              ________      ________      ________      ________      ________
                    8             0             9            10            11


           BETA
              F1            F1Z           Y             Z             X
              ________      ________      ________      ________      ________
 F1                 0             0             0             0             0
 F1Z                0             0             0             0             0
 Y                 12            13             0            14            15
 Z                  0             0             0             0             0
 X                  0             0             0             0             0


           PSI
              F1            F1Z           Y             Z             X
              ________      ________      ________      ________      ________
 F1                16
 F1Z                0             0
 Y                  0             0            17
 Z                 18             0             0            19
 X                 20             0             0            21            22


     STARTING VALUES


           NU
              V1            V2            V3            Y             Z
              ________      ________      ________      ________      ________
                0.000         2.507         2.373         0.000         0.000


           NU
              X
              ________
                0.000


           LAMBDA
              F1            F1Z           Y             Z             X
              ________      ________      ________      ________      ________
 V1             1.000         0.000         0.000         0.000         0.000
 V2             1.000         0.000         0.000         0.000         0.000
 V3             1.000         0.000         0.000         0.000         0.000
 Y              0.000         0.000         1.000         0.000         0.000
 Z              0.000         0.000         0.000         1.000         0.000
 X              0.000         0.000         0.000         0.000         1.000


           THETA
              V1            V2            V3            Y             Z
              ________      ________      ________      ________      ________
 V1             0.288
 V2             0.000         0.327
 V3             0.000         0.000         0.266
 Y              0.000         0.000         0.000         0.000
 Z              0.000         0.000         0.000         0.000         0.000
 X              0.000         0.000         0.000         0.000         0.000


           THETA
              X
              ________
 X              0.000


           ALPHA
              F1            F1Z           Y             Z             X
              ________      ________      ________      ________      ________
                0.000         0.000         0.913         3.367         2.705


           BETA
              F1            F1Z           Y             Z             X
              ________      ________      ________      ________      ________
 F1             0.000         0.000         0.000         0.000         0.000
 F1Z            0.000         0.000         0.000         0.000         0.000
 Y              0.000         0.000         0.000         0.000         0.000
 Z              0.000         0.000         0.000         0.000         0.000
 X              0.000         0.000         0.000         0.000         0.000


           PSI
              F1            F1Z           Y             Z             X
              ________      ________      ________      ________      ________
 F1             0.050
 F1Z            0.000         0.000
 Y              0.000         0.000         0.036
 Z              0.000         0.000         0.000         0.234
 X              0.000         0.000         0.000         0.000         0.338


TECHNICAL 2 OUTPUT


     DERIVATIVES


           Derivatives With Respect to NU
              V1            V2            V3            Y             Z
              ________      ________      ________      ________      ________
            0.000E+00     0.144E-03     0.120E-03     0.000E+00     0.000E+00


           Derivatives With Respect to NU
              X
              ________
            0.000E+00


           Derivatives With Respect to LAMBDA
              F1            F1Z           Y             Z             X
              ________      ________      ________      ________      ________
 V1         0.000E+00     0.000E+00     0.000E+00     0.000E+00     0.000E+00
 V2         0.927E-03     0.000E+00     0.000E+00     0.000E+00     0.000E+00
 V3         0.737E-03     0.000E+00     0.000E+00     0.000E+00     0.000E+00
 Y          0.000E+00     0.000E+00     0.000E+00     0.000E+00     0.000E+00
 Z          0.000E+00     0.000E+00     0.000E+00     0.000E+00     0.000E+00
 X          0.000E+00     0.000E+00     0.000E+00     0.000E+00     0.000E+00


           Derivatives With Respect to THETA
              V1            V2            V3            Y             Z
              ________      ________      ________      ________      ________
 V1         0.254E-02
 V2         0.000E+00    -0.944E-03
 V3         0.000E+00     0.000E+00    -0.424E-03
 Y          0.000E+00     0.000E+00     0.000E+00     0.000E+00
 Z          0.000E+00     0.000E+00     0.000E+00     0.000E+00     0.000E+00
 X          0.000E+00     0.000E+00     0.000E+00     0.000E+00     0.000E+00


           Derivatives With Respect to THETA
              X
              ________
 X          0.000E+00


           Derivatives With Respect to ALPHA
              F1            F1Z           Y             Z             X
              ________      ________      ________      ________      ________
           -0.363E-04     0.000E+00     0.408E-04     0.367E-05     0.399E-05


           Derivatives With Respect to BETA
              F1            F1Z           Y             Z             X
              ________      ________      ________      ________      ________
 F1         0.000E+00     0.000E+00     0.000E+00     0.000E+00     0.000E+00
 F1Z        0.000E+00     0.000E+00     0.000E+00     0.000E+00     0.000E+00
 Y          0.221E-03     0.727E-03     0.000E+00     0.145E-03     0.127E-03
 Z          0.000E+00     0.000E+00     0.000E+00     0.000E+00     0.000E+00
 X          0.000E+00     0.000E+00     0.000E+00     0.000E+00     0.000E+00


           Derivatives With Respect to PSI
              F1            F1Z           Y             Z             X
              ________      ________      ________      ________      ________
 F1        -0.224E-03
 F1Z        0.000E+00     0.000E+00
 Y          0.000E+00     0.000E+00     0.278E-04
 Z          0.413E-04     0.000E+00     0.000E+00    -0.190E-05
 X          0.291E-04     0.000E+00     0.000E+00    -0.251E-05    -0.488E-06


TECHNICAL 3 OUTPUT


           ESTIMATED COVARIANCE MATRIX FOR PARAMETER ESTIMATES
                     1             2             3             4             5
              ________      ________      ________      ________      ________
        1   0.465003D-02
        2   0.211643D-02  0.375082D-02
        3  -0.156249D-02 -0.696595D-03  0.547753D-03
        4  -0.695612D-03 -0.128645D-02  0.236173D-03  0.464279D-03
        5  -0.248863D-03 -0.197920D-03  0.870810D-04  0.689949D-04  0.654115D-04
        6   0.310580D-03  0.748814D-04 -0.110262D-03 -0.273878D-04 -0.267157D-04
        7   0.296563D-04  0.151806D-03 -0.114080D-04 -0.598340D-04 -0.124728D-04
        8  -0.283518D-03 -0.304707D-03  0.730443D-04  0.852754D-04 -0.187492D-04
        9   0.253448D-02  0.100277D-02 -0.844963D-03 -0.326777D-03 -0.130877D-03
       10   0.246115D-04 -0.666598D-04 -0.502777D-05  0.342294D-04 -0.321414D-05
       11   0.748144D-04 -0.488694D-05 -0.214253D-04  0.483140D-05 -0.159676D-04
       12  -0.871307D-03 -0.347661D-03  0.296447D-03  0.115399D-03  0.496999D-04
       13   0.234336D-03  0.938451D-04 -0.802635D-04 -0.315742D-04 -0.150854D-04
       14  -0.640712D-03 -0.240159D-03  0.214636D-03  0.771653D-04  0.377984D-04
       15  -0.526203D-04 -0.372222D-04  0.182503D-04  0.149315D-04  0.297022D-05
       16   0.721437D-03  0.613751D-03 -0.241650D-03 -0.201635D-03 -0.578707D-04
       17   0.117903D-04  0.881822D-05 -0.230190D-05 -0.185880D-05  0.161933D-05
       18   0.609823D-04 -0.124818D-04 -0.217483D-04  0.121893D-04  0.117617D-05
       19   0.556151D-04  0.152628D-04 -0.194625D-04 -0.283012D-05  0.139127D-06
       20   0.466405D-04 -0.105918D-04 -0.160613D-04  0.833329D-05  0.453483D-05
       21   0.888932D-04  0.433635D-04 -0.291921D-04 -0.113257D-04 -0.103116D-05
       22   0.721794D-04  0.122241D-04 -0.238303D-04 -0.583596D-05 -0.394434D-05


           ESTIMATED COVARIANCE MATRIX FOR PARAMETER ESTIMATES
                     6             7             8             9            10
              ________      ________      ________      ________      ________
        6   0.888440D-04
        7   0.492700D-05  0.681223D-04
        8  -0.537196D-05  0.839889D-05  0.538900D-03
        9   0.122226D-03  0.236761D-04 -0.150012D-03  0.258109D-01
       10   0.963023D-06  0.189910D-05  0.681925D-04  0.381751D-04  0.437836D-03
       11   0.866467D-05  0.403699D-05  0.934912D-04  0.138008D-03  0.312202D-03
       12  -0.466105D-04 -0.123166D-04  0.404243D-04 -0.864131D-02  0.104494D-04
       13   0.148274D-04  0.467933D-05 -0.847587D-05  0.249616D-02 -0.128096D-05
       14  -0.341397D-04 -0.111980D-04  0.258082D-04 -0.744733D-02 -0.943569D-05
       15  -0.874733D-05  0.659214D-06  0.846180D-05 -0.823797D-04 -0.788442D-05
       16   0.222866D-04  0.769781D-05 -0.968398D-04  0.437933D-03 -0.222346D-04
       17   0.136008D-05  0.618717D-06 -0.145920D-04  0.563914D-04 -0.295682D-05
       18  -0.456111D-06 -0.708747D-05 -0.248260D-04  0.176360D-03 -0.141643D-04
       19   0.408864D-05 -0.397097D-05 -0.165066D-04  0.236611D-03 -0.175677D-05
       20  -0.800772D-05 -0.614965D-05 -0.485439D-04  0.972734D-04 -0.834970D-05
       21   0.239234D-05 -0.711521D-05 -0.139759D-04  0.162064D-03  0.652995D-04
       22  -0.187968D-05 -0.285362D-05 -0.257790D-04  0.126325D-03  0.171174D-03


           ESTIMATED COVARIANCE MATRIX FOR PARAMETER ESTIMATES
                    11            12            13            14            15
              ________      ________      ________      ________      ________
       11   0.632829D-03
       12  -0.236488D-04  0.308646D-02
       13   0.107638D-04 -0.882168D-03  0.263155D-03
       14  -0.447791D-04  0.247963D-02 -0.745443D-03  0.231182D-02
       15  -0.776928D-05  0.173851D-04 -0.909743D-05 -0.673520D-04  0.128907D-03
       16  -0.335989D-04 -0.153243D-03  0.390937D-04 -0.105370D-03 -0.682036D-05
       17  -0.196961D-05 -0.238244D-04  0.762803D-05 -0.200664D-04 -0.324182D-05
       18  -0.793565D-05 -0.581225D-04  0.169597D-04 -0.550482D-04  0.463364D-05
       19   0.652996D-04 -0.890103D-04  0.261372D-04 -0.746769D-04  0.284255D-05
       20  -0.245770D-04 -0.334636D-04  0.103115D-04 -0.220134D-04 -0.809614D-05
       21   0.171173D-03 -0.632957D-04  0.197088D-04 -0.484359D-04 -0.626632D-05
       22   0.375309D-03 -0.459045D-04  0.134494D-04 -0.476254D-04  0.946277D-05


           ESTIMATED COVARIANCE MATRIX FOR PARAMETER ESTIMATES
                    16            17            18            19            20
              ________      ________      ________      ________      ________
       16   0.453351D-03
       17  -0.234465D-06  0.109601D-04
       18   0.518534D-04 -0.902266D-06  0.228189D-03
       19   0.106684D-04  0.310054D-05  0.590810D-04  0.383469D-03
       20   0.736853D-04 -0.776221D-06  0.158775D-03  0.237792D-04  0.322612D-03
       21   0.152211D-04  0.154418D-05  0.454971D-04  0.291736D-03  0.450853D-04
       22   0.104875D-04  0.287073D-06  0.251798D-04  0.225015D-03  0.731305D-04


           ESTIMATED COVARIANCE MATRIX FOR PARAMETER ESTIMATES
                    21            22
              ________      ________
       21   0.417015D-03
       22   0.438455D-03  0.959930D-03


           ESTIMATED CORRELATION MATRIX FOR PARAMETER ESTIMATES
                     1             2             3             4             5
              ________      ________      ________      ________      ________
        1       1.000
        2       0.507         1.000
        3      -0.979        -0.486         1.000
        4      -0.473        -0.975         0.468         1.000
        5      -0.451        -0.400         0.460         0.396         1.000
        6       0.483         0.130        -0.500        -0.135        -0.350
        7       0.053         0.300        -0.059        -0.336        -0.187
        8      -0.179        -0.214         0.134         0.170        -0.100
        9       0.231         0.102        -0.225        -0.094        -0.101
       10       0.017        -0.052        -0.010         0.076        -0.019
       11       0.044        -0.003        -0.036         0.009        -0.078
       12      -0.230        -0.102         0.228         0.096         0.111
       13       0.212         0.094        -0.211        -0.090        -0.115
       14      -0.195        -0.082         0.191         0.074         0.097
       15      -0.068        -0.054         0.069         0.061         0.032
       16       0.497         0.471        -0.485        -0.440        -0.336
       17       0.052         0.043        -0.030        -0.026         0.060
       18       0.059        -0.013        -0.062         0.037         0.010
       19       0.042         0.013        -0.042        -0.007         0.001
       20       0.038        -0.010        -0.038         0.022         0.031
       21       0.064         0.035        -0.061        -0.026        -0.006
       22       0.034         0.006        -0.033        -0.009        -0.016


           ESTIMATED CORRELATION MATRIX FOR PARAMETER ESTIMATES
                     6             7             8             9            10
              ________      ________      ________      ________      ________
        6       1.000
        7       0.063         1.000
        8      -0.025         0.044         1.000
        9       0.081         0.018        -0.040         1.000
       10       0.005         0.011         0.140         0.011         1.000
       11       0.037         0.019         0.160         0.034         0.593
       12      -0.089        -0.027         0.031        -0.968         0.009
       13       0.097         0.035        -0.023         0.958        -0.004
       14      -0.075        -0.028         0.023        -0.964        -0.009
       15      -0.082         0.007         0.032        -0.045        -0.033
       16       0.111         0.044        -0.196         0.128        -0.050
       17       0.044         0.023        -0.190         0.106        -0.043
       18      -0.003        -0.057        -0.071         0.073        -0.045
       19       0.022        -0.025        -0.036         0.075        -0.004
       20      -0.047        -0.041        -0.116         0.034        -0.022
       21       0.012        -0.042        -0.029         0.049         0.153
       22      -0.006        -0.011        -0.036         0.025         0.264


           ESTIMATED CORRELATION MATRIX FOR PARAMETER ESTIMATES
                    11            12            13            14            15
              ________      ________      ________      ________      ________
       11       1.000
       12      -0.017         1.000
       13       0.026        -0.979         1.000
       14      -0.037         0.928        -0.956         1.000
       15      -0.027         0.028        -0.049        -0.123         1.000
       16      -0.063        -0.130         0.113        -0.103        -0.028
       17      -0.024        -0.130         0.142        -0.126        -0.086
       18      -0.021        -0.069         0.069        -0.076         0.027
       19       0.133        -0.082         0.082        -0.079         0.013
       20      -0.054        -0.034         0.035        -0.025        -0.040
       21       0.333        -0.056         0.059        -0.049        -0.027
       22       0.482        -0.027         0.027        -0.032         0.027


           ESTIMATED CORRELATION MATRIX FOR PARAMETER ESTIMATES
                    16            17            18            19            20
              ________      ________      ________      ________      ________
       16       1.000
       17      -0.003         1.000
       18       0.161        -0.018         1.000
       19       0.026         0.048         0.200         1.000
       20       0.193        -0.013         0.585         0.068         1.000
       21       0.035         0.023         0.147         0.730         0.123
       22       0.016         0.003         0.054         0.371         0.131


           ESTIMATED CORRELATION MATRIX FOR PARAMETER ESTIMATES
                    21            22
              ________      ________
       21       1.000
       22       0.693         1.000


TECHNICAL 4 OUTPUT


     ESTIMATES DERIVED FROM THE MODEL


           ESTIMATED MEANS FOR THE LATENT VARIABLES
              F1            F1Z           Y             Z             X
              ________      ________      ________      ________      ________
                2.698         9.168         0.913         3.367         2.705


           S.E. FOR ESTIMATED MEANS FOR THE LATENT VARIABLES
              F1            F1Z           Y             Z             X
              ________      ________      ________      ________      ________
                0.023         0.103         0.008         0.021         0.025


           EST./S.E. FOR ESTIMATED MEANS FOR THE LATENT VARIABLES
              F1            F1Z           Y             Z             X
              ________      ________      ________      ________      ________
              116.221        89.387       110.822       160.912       107.542


           TWO-TAILED P-VALUE FOR ESTIMATED MEANS FOR THE LATENT VARIABLES
              F1            F1Z           Y             Z             X
              ________      ________      ________      ________      ________
                0.000         0.000         0.000         0.000         0.000


           ESTIMATED COVARIANCE MATRIX FOR THE LATENT VARIABLES
              F1            F1Z           Y             Z             X
              ________      ________      ________      ________      ________
 F1             0.488
 F1Z            1.871        10.706
 Y              0.076         0.333         0.072
 Z              0.084         1.546         0.031         0.468
 X              0.108         1.265         0.028         0.334         0.677


           S.E. FOR ESTIMATED COVARIANCE MATRIX FOR THE LATENT VARIABLES
              F1            F1Z           Y             Z             X
              ________      ________      ________      ________      ________
 F1             0.021
 F1Z            0.088         0.450
 Y              0.006         0.028         0.004
 Z              0.015         0.080         0.006         0.020
 X              0.018         0.086         0.007         0.020         0.031


           EST./S.E. FOR ESTIMATED COVARIANCE MATRIX FOR THE LATENT VARIABLES
              F1            F1Z           Y             Z             X
              ________      ________      ________      ________      ________
 F1            22.933
 F1Z           21.349        23.794
 Y             12.541        12.070        19.194
 Z              5.566        19.249         5.222        23.902
 X              6.025        14.625         4.206        16.343        21.835


           TWO-TAILED P-VALUE FOR ESTIMATED COVARIANCE MATRIX FOR THE LATENT VARIABLES
              F1            F1Z           Y             Z             X
              ________      ________      ________      ________      ________
 F1             0.000
 F1Z            0.000         0.000
 Y              0.000         0.000         0.000
 Z              0.000         0.000         0.000         0.000
 X              0.000         0.000         0.000         0.000         0.000


           ESTIMATED CORRELATION MATRIX FOR THE LATENT VARIABLES
              F1            F1Z           Y             Z             X
              ________      ________      ________      ________      ________
 F1             1.000
 F1Z            0.818         1.000
 Y              0.405         0.378         1.000
 Z              0.176         0.691         0.167         1.000
 X              0.188         0.470         0.128         0.593         1.000


           S.E. FOR ESTIMATED CORRELATION MATRIX FOR THE LATENT VARIABLES
              F1            F1Z           Y             Z             X
              ________      ________      ________      ________      ________
 F1             0.000
 F1Z            0.010         0.000
 Y              0.026         0.026         0.000
 Z              0.031         0.016         0.031         0.000
 X              0.030         0.024         0.030         0.021         0.000


           EST./S.E. FOR ESTIMATED CORRELATION MATRIX FOR THE LATENT VARIABLES
              F1            F1Z           Y             Z             X
              ________      ________      ________      ________      ________
 F1           999.000
 F1Z           81.759       999.000
 Y             15.594        14.704       999.000
 Z              5.731        41.963         5.373       999.000
 X              6.182        19.962         4.257        28.266       999.000


           TWO-TAILED P-VALUE FOR ESTIMATED CORRELATION MATRIX FOR THE LATENT VARIABLES
              F1            F1Z           Y             Z             X
              ________      ________      ________      ________      ________
 F1             0.000
 F1Z            0.000         0.000
 Y              0.000         0.000         0.000
 Z              0.000         0.000         0.000         0.000
 X              0.000         0.000         0.000         0.000         0.000


DIAGRAM INFORMATION

  Use View Diagram under the Diagram menu in the Mplus Editor to view the diagram.
  If running Mplus from the Mplus Diagrammer, the diagram opens automatically.

  Diagram output
    c:\users\lee\documents\github\customlms\mplus_lms.dgm

     Beginning Time:  10:49:16
        Ending Time:  10:49:16
       Elapsed Time:  00:00:00



MUTHEN & MUTHEN
3463 Stoner Ave.
Los Angeles, CA  90066

Tel: (310) 391-9971
Fax: (310) 391-8971
Web: www.StatModel.com
Support: Support@StatModel.com

Copyright (c) 1998-2022 Muthen & Muthen
